(1000, 1024)
(8236, 1024)
Iter 0, Minibatch Loss= 1.095785, Training Accuracy= 0.57300
Iter 10, Minibatch Loss= 0.204637, Training Accuracy= 0.98800
Iter 20, Minibatch Loss= 0.092323, Training Accuracy= 0.99800
Iter 30, Minibatch Loss= 0.052990, Training Accuracy= 1.00000
Iter 40, Minibatch Loss= 0.036702, Training Accuracy= 1.00000
time train:  0.966569948196
Optimization Finished!
(1, 8236, 80)
0.190278
Testing Accuracy: 0.936255
             precision    recall  f1-score   support

        1.0     0.8117    0.7655    0.7879      1177
        2.0     0.9913    0.9939    0.9926      2305
        3.0     0.9408    0.9529    0.9468      4754

avg / total     0.9365    0.9376    0.9369      8236

accuracy_score 0.937591063623
precision:  0.765505522515
recall:  0.811711711712
f1:  0.787931788369
(1000, 1024)
(8236, 1024)
Iter 0, Minibatch Loss= 1.096774, Training Accuracy= 0.57300
Iter 10, Minibatch Loss= 0.342117, Training Accuracy= 0.92200
Iter 20, Minibatch Loss= 0.187495, Training Accuracy= 0.96600
Iter 30, Minibatch Loss= 0.114074, Training Accuracy= 0.99000
Iter 40, Minibatch Loss= 0.072095, Training Accuracy= 0.99700
time train:  1.10561014652
Optimization Finished!
(1, 8236, 80)
0.182963
Testing Accuracy: 0.935648
             precision    recall  f1-score   support

        1.0     0.8079    0.7502    0.7780      1177
        2.0     0.9935    0.9939    0.9937      2305
        3.0     0.9376    0.9539    0.9457      4754

avg / total     0.9347    0.9360    0.9352      8236

accuracy_score 0.936012627489
precision:  0.750212404418
recall:  0.807868252516
f1:  0.777973568282
